<?xml version="1.0" encoding="UTF-8"?>
<testsuite xmlns:xsi="http://www.w3.org/2001/XMLSchema-instance" xsi:noNamespaceSchemaLocation="https://maven.apache.org/surefire/maven-surefire-plugin/xsd/surefire-test-report.xsd" name="HandTest" time="0.426" tests="34" errors="0" skipped="0" failures="0">
  <properties>
[...]
</properties>
  <testcase name="checkHands[0]" classname="HandTest" time="0.035"/>
  <testcase name="checkHands[1]" classname="HandTest" time="0.022"/>
  <testcase name="checkHands[2]" classname="HandTest" time="0.009"/>
  <testcase name="checkHands[3]" classname="HandTest" time="0.02"/>
  <testcase name="checkHands[4]" classname="HandTest" time="0.008"/>
  <testcase name="checkHands[5]" classname="HandTest" time="0.008"/>
  <testcase name="checkHands[6]" classname="HandTest" time="0.008"/>
  <testcase name="checkHands[7]" classname="HandTest" time="0.009"/>
  <testcase name="checkHands[8]" classname="HandTest" time="0.019"/>
  <testcase name="checkHands[9]" classname="HandTest" time="0.008"/>
  <testcase name="checkHands[10]" classname="HandTest" time="0.008"/>
  <testcase name="checkHands[11]" classname="HandTest" time="0.006"/>
  <testcase name="checkHands[12]" classname="HandTest" time="0.006"/>
  <testcase name="checkHands[13]" classname="HandTest" time="0.014"/>
  <testcase name="checkHands[14]" classname="HandTest" time="0.006"/>
  <testcase name="checkHands[15]" classname="HandTest" time="0.006"/>
  <testcase name="checkHands[16]" classname="HandTest" time="0.006"/>
  <testcase name="checkHands[17]" classname="HandTest" time="0.015"/>
  <testcase name="checkHands[18]" classname="HandTest" time="0.006"/>
  <testcase name="checkHands[19]" classname="HandTest" time="0.007"/>
  <testcase name="checkHands[20]" classname="HandTest" time="0.006"/>
  <testcase name="checkHands[21]" classname="HandTest" time="0.006"/>
  <testcase name="checkHands[22]" classname="HandTest" time="0.006"/>
  <testcase name="checkHands[23]" classname="HandTest" time="0.012"/>
  <testcase name="checkHands[24]" classname="HandTest" time="0.006"/>
  <testcase name="checkHands[25]" classname="HandTest" time="0.006"/>
  <testcase name="checkHands[26]" classname="HandTest" time="0.006"/>
  <testcase name="checkHands[27]" classname="HandTest" time="0.014"/>
  <testcase name="checkHands[28]" classname="HandTest" time="0.006"/>
  <testcase name="checkHands[29]" classname="HandTest" time="0.005"/>
  <testcase name="checkHands[30]" classname="HandTest" time="0.006"/>
  <testcase name="checkHands[31]" classname="HandTest" time="0.006"/>
  <testcase name="checkHands[32]" classname="HandTest" time="0.006"/>
  <testcase name="checkHands[33]" classname="HandTest" time="0.016"/>
</testsuite>